#
# There is insufficient memory for the Java Runtime Environment to continue.
# Native memory allocation (malloc) failed to allocate 32744 bytes for ChunkPool::allocate
# Possible reasons:
#   The system is out of physical RAM or swap space
#   The process is running with CompressedOops enabled, and the Java Heap may be blocking the growth of the native heap
# Possible solutions:
#   Reduce memory load on the system
#   Increase physical memory or swap space
#   Check if swap backing store is full
#   Decrease Java heap size (-Xmx/-Xms)
#   Decrease number of Java threads
#   Decrease Java thread stack sizes (-Xss)
#   Set larger code cache with -XX:ReservedCodeCacheSize=
#   JVM is running with Unscaled Compressed Oops mode in which the Java heap is
#     placed in the first 4GB address space. The Java Heap base address is the
#     maximum limit for the native heap growth. Please use -XX:HeapBaseMinAddress
#     to set the Java Heap base and to place the Java Heap above 4GB virtual address.
# This output file may be truncated or incomplete.
#
#  Out of Memory Error (./src/hotspot/share/memory/arena.cpp:81), pid=13492, tid=12312
#
# JRE version: OpenJDK Runtime Environment Corretto-11.0.18.10.1 (11.0.18+10) (build 11.0.18+10-LTS)
# Java VM: OpenJDK 64-Bit Server VM Corretto-11.0.18.10.1 (11.0.18+10-LTS, mixed mode, tiered, compressed oops, g1 gc, windows-amd64)
# No core dump will be written. Minidumps are not enabled by default on client versions of Windows
#

---------------  S U M M A R Y ------------

Command Line: -ea -Didea.test.cyclic.buffer.size=1048576 -javaagent:C:\Program Files\JetBrains\IntelliJ IDEA Community Edition 2022.3.2\lib\idea_rt.jar=56804:C:\Program Files\JetBrains\IntelliJ IDEA Community Edition 2022.3.2\bin -Dfile.encoding=UTF-8 com.intellij.rt.junit.JUnitStarter -ideVersion5 -junit5 MovieManagerTest,testFindLastWithLimitExceeded

Host: 11th Gen Intel(R) Core(TM) i5-1135G7 @ 2.40GHz, 4 cores, 7G,  Windows 10 , 64 bit Build 19041 (10.0.19041.3570)
Time: Wed Nov 15 01:25:21 2023 Russia TZ 2 Standard Time elapsed time: 0.111293 seconds (0d 0h 0m 0s)

---------------  T H R E A D  ---------------

Current thread (0x000002b0ff7e5000):  JavaThread "C2 CompilerThread1" daemon [_thread_in_native, id=12312, stack(0x000000e55b300000,0x000000e55b400000)]


Current CompileTask:
C2:    111  162       4       java.util.HashMap::putVal (300 bytes)

Stack: [0x000000e55b300000,0x000000e55b400000]
Native frames: (J=compiled Java code, j=interpreted, Vv=VM code, C=native code)
V  [jvm.dll+0x622d9a]
V  [jvm.dll+0x7b0289]
V  [jvm.dll+0x7b1978]
V  [jvm.dll+0x7b2053]
V  [jvm.dll+0x24fe08]
V  [jvm.dll+0xc28ab]
V  [jvm.dll+0xc2c0c]
V  [jvm.dll+0xc275b]
V  [jvm.dll+0x60069f]
V  [jvm.dll+0x89503]
V  [jvm.dll+0x64de5b]
V  [jvm.dll+0x208ab2]
V  [jvm.dll+0x20a8fc]
V  [jvm.dll+0x2082fb]
V  [jvm.dll+0x18a3c1]
V  [jvm.dll+0x217ac4]
V  [jvm.dll+0x215d0b]
V  [jvm.dll+0x772d90]
V  [jvm.dll+0x76bcc4]
V  [jvm.dll+0x621c05]
C  [ucrtbase.dll+0x21bb2]
C  [KERNEL32.DLL+0x17344]
C  [ntdll.dll+0x526b1]


---------------  P R O C E S S  ---------------

Threads class SMR info:
_java_thread_list=0x000002b0ff7c9dd0, length=11, elements={
0x000002b0e26e1000, 0x000002b0fece5800, 0x000002b0fecef000, 0x000002b0fed00800,
0x000002b0fed04800, 0x000002b0fed08000, 0x000002b0fed0a000, 0x000002b0fed17000,
0x000002b0fed2e800, 0x000002b0fec7b000, 0x000002b0ff7e5000
}

Java Threads: ( => current thread )
  0x000002b0e26e1000 JavaThread "main" [_thread_in_vm, id=9052, stack(0x000000e55a300000,0x000000e55a400000)]
  0x000002b0fece5800 JavaThread "Reference Handler" daemon [_thread_blocked, id=5516, stack(0x000000e55aa00000,0x000000e55ab00000)]
  0x000002b0fecef000 JavaThread "Finalizer" daemon [_thread_blocked, id=1356, stack(0x000000e55ab00000,0x000000e55ac00000)]
  0x000002b0fed00800 JavaThread "Signal Dispatcher" daemon [_thread_blocked, id=5628, stack(0x000000e55ac00000,0x000000e55ad00000)]
  0x000002b0fed04800 JavaThread "Attach Listener" daemon [_thread_blocked, id=4156, stack(0x000000e55ad00000,0x000000e55ae00000)]
  0x000002b0fed08000 JavaThread "Service Thread" daemon [_thread_blocked, id=7980, stack(0x000000e55ae00000,0x000000e55af00000)]
  0x000002b0fed0a000 JavaThread "C2 CompilerThread0" daemon [_thread_blocked, id=1952, stack(0x000000e55af00000,0x000000e55b000000)]
  0x000002b0fed17000 JavaThread "C1 CompilerThread0" daemon [_thread_blocked, id=11468, stack(0x000000e55b000000,0x000000e55b100000)]
  0x000002b0fed2e800 JavaThread "Sweeper thread" daemon [_thread_blocked, id=8704, stack(0x000000e55b100000,0x000000e55b200000)]
  0x000002b0fec7b000 JavaThread "Common-Cleaner" daemon [_thread_blocked, id=13812, stack(0x000000e55b200000,0x000000e55b300000)]
=>0x000002b0ff7e5000 JavaThread "C2 CompilerThread1" daemon [_thread_in_native, id=12312, stack(0x000000e55b300000,0x000000e55b400000)]

Other Threads:
  0x000002b0fecc3000 VMThread "VM Thread" [stack: 0x000000e55a900000,0x000000e55aa00000] [id=4252]
  0x000002b0e26f9800 GCTaskThread "GC Thread#0" [stack: 0x000000e55a400000,0x000000e55a500000] [id=9480]
  0x000002b0e057e000 ConcurrentGCThread "G1 Main Marker" [stack: 0x000000e55a500000,0x000000e55a600000] [id=13040]
  0x000002b0e2727000 ConcurrentGCThread "G1 Conc#0" [stack: 0x000000e55a600000,0x000000e55a700000] [id=284]
  0x000002b0e27a6000 ConcurrentGCThread "G1 Refine#0" [stack: 0x000000e55a700000,0x000000e55a800000] [id=5388]
  0x000002b0e27a9800 ConcurrentGCThread "G1 Young RemSet Sampling" [stack: 0x000000e55a800000,0x000000e55a900000] [id=15116]

Threads with active compile tasks:
C2 CompilerThread1      129  162       4       java.util.HashMap::putVal (300 bytes)

VM state:not at safepoint (normal execution)

VM Mutex/Monitor currently owned by a thread: None

Heap address: 0x0000000084200000, size: 1982 MB, Compressed Oops mode: 32-bit
Narrow klass base: 0x0000000000000000, Narrow klass shift: 3
Compressed class space size: 1073741824 Address: 0x0000000100000000

Heap:
 garbage-first heap   total 126976K, used 1024K [0x0000000084200000, 0x0000000100000000)
  region size 1024K, 2 young (2048K), 0 survivors (0K)
 Metaspace       used 4719K, capacity 4787K, committed 5120K, reserved 1056768K
  class space    used 391K, capacity 398K, committed 512K, reserved 1048576K
Heap Regions: E=young(eden), S=young(survivor), O=old, HS=humongous(starts), HC=humongous(continues), CS=collection set, F=free, A=archive, TAMS=top-at-mark-start (previous, next)
|   0|0x0000000084200000, 0x0000000084200000, 0x0000000084300000|  0%| F|  |TAMS 0x0000000084200000, 0x0000000084200000| Untracked 
|   1|0x0000000084300000, 0x0000000084300000, 0x0000000084400000|  0%| F|  |TAMS 0x0000000084300000, 0x0000000084300000| Untracked 
|   2|0x0000000084400000, 0x0000000084400000, 0x0000000084500000|  0%| F|  |TAMS 0x0000000084400000, 0x0000000084400000| Untracked 
|   3|0x0000000084500000, 0x0000000084500000, 0x0000000084600000|  0%| F|  |TAMS 0x0000000084500000, 0x0000000084500000| Untracked 
|   4|0x0000000084600000, 0x0000000084600000, 0x0000000084700000|  0%| F|  |TAMS 0x0000000084600000, 0x0000000084600000| Untracked 
|   5|0x0000000084700000, 0x0000000084700000, 0x0000000084800000|  0%| F|  |TAMS 0x0000000084700000, 0x0000000084700000| Untracked 
|   6|0x0000000084800000, 0x0000000084800000, 0x0000000084900000|  0%| F|  |TAMS 0x0000000084800000, 0x0000000084800000| Untracked 
|   7|0x0000000084900000, 0x0000000084900000, 0x0000000084a00000|  0%| F|  |TAMS 0x0000000084900000, 0x0000000084900000| Untracked 
|   8|0x0000000084a00000, 0x0000000084a00000, 0x0000000084b00000|  0%| F|  |TAMS 0x0000000084a00000, 0x0000000084a00000| Untracked 
|   9|0x0000000084b00000, 0x0000000084b00000, 0x0000000084c00000|  0%| F|  |TAMS 0x0000000084b00000, 0x0000000084b00000| Untracked 
|  10|0x0000000084c00000, 0x0000000084c00000, 0x0000000084d00000|  0%| F|  |TAMS 0x0000000084c00000, 0x0000000084c00000| Untracked 
|  11|0x0000000084d00000, 0x0000000084d00000, 0x0000000084e00000|  0%| F|  |TAMS 0x0000000084d00000, 0x0000000084d00000| Untracked 
|  12|0x0000000084e00000, 0x0000000084e00000, 0x0000000084f00000|  0%| F|  |TAMS 0x0000000084e00000, 0x0000000084e00000| Untracked 
|  13|0x0000000084f00000, 0x0000000084f00000, 0x0000000085000000|  0%| F|  |TAMS 0x0000000084f00000, 0x0000000084f00000| Untracked 
|  14|0x0000000085000000, 0x0000000085000000, 0x0000000085100000|  0%| F|  |TAMS 0x0000000085000000, 0x0000000085000000| Untracked 
|  15|0x0000000085100000, 0x0000000085100000, 0x0000000085200000|  0%| F|  |TAMS 0x0000000085100000, 0x0000000085100000| Untracked 
|  16|0x0000000085200000, 0x0000000085200000, 0x0000000085300000|  0%| F|  |TAMS 0x0000000085200000, 0x0000000085200000| Untracked 
|  17|0x0000000085300000, 0x0000000085300000, 0x0000000085400000|  0%| F|  |TAMS 0x0000000085300000, 0x0000000085300000| Untracked 
|  18|0x0000000085400000, 0x0000000085400000, 0x0000000085500000|  0%| F|  |TAMS 0x0000000085400000, 0x0000000085400000| Untracked 
|  19|0x0000000085500000, 0x0000000085500000, 0x0000000085600000|  0%| F|  |TAMS 0x0000000085500000, 0x0000000085500000| Untracked 
|  20|0x0000000085600000, 0x0000000085600000, 0x0000000085700000|  0%| F|  |TAMS 0x0000000085600000, 0x0000000085600000| Untracked 
|  21|0x0000000085700000, 0x0000000085700000, 0x0000000085800000|  0%| F|  |TAMS 0x0000000085700000, 0x0000000085700000| Untracked 
|  22|0x0000000085800000, 0x0000000085800000, 0x0000000085900000|  0%| F|  |TAMS 0x0000000085800000, 0x0000000085800000| Untracked 
|  23|0x0000000085900000, 0x0000000085900000, 0x0000000085a00000|  0%| F|  |TAMS 0x0000000085900000, 0x0000000085900000| Untracked 
|  24|0x0000000085a00000, 0x0000000085a00000, 0x0000000085b00000|  0%| F|  |TAMS 0x0000000085a00000, 0x0000000085a00000| Untracked 
|  25|0x0000000085b00000, 0x0000000085b00000, 0x0000000085c00000|  0%| F|  |TAMS 0x0000000085b00000, 0x0000000085b00000| Untracked 
|  26|0x0000000085c00000, 0x0000000085c00000, 0x0000000085d00000|  0%| F|  |TAMS 0x0000000085c00000, 0x0000000085c00000| Untracked 
|  27|0x0000000085d00000, 0x0000000085d00000, 0x0000000085e00000|  0%| F|  |TAMS 0x0000000085d00000, 0x0000000085d00000| Untracked 
|  28|0x0000000085e00000, 0x0000000085e00000, 0x0000000085f00000|  0%| F|  |TAMS 0x0000000085e00000, 0x0000000085e00000| Untracked 
|  29|0x0000000085f00000, 0x0000000085f00000, 0x0000000086000000|  0%| F|  |TAMS 0x0000000085f00000, 0x0000000085f00000| Untracked 
|  30|0x0000000086000000, 0x0000000086000000, 0x0000000086100000|  0%| F|  |TAMS 0x0000000086000000, 0x0000000086000000| Untracked 
|  31|0x0000000086100000, 0x0000000086100000, 0x0000000086200000|  0%| F|  |TAMS 0x0000000086100000, 0x0000000086100000| Untracked 
|  32|0x0000000086200000, 0x0000000086200000, 0x0000000086300000|  0%| F|  |TAMS 0x0000000086200000, 0x0000000086200000| Untracked 
|  33|0x0000000086300000, 0x0000000086300000, 0x0000000086400000|  0%| F|  |TAMS 0x0000000086300000, 0x0000000086300000| Untracked 
|  34|0x0000000086400000, 0x0000000086400000, 0x0000000086500000|  0%| F|  |TAMS 0x0000000086400000, 0x0000000086400000| Untracked 
|  35|0x0000000086500000, 0x0000000086500000, 0x0000000086600000|  0%| F|  |TAMS 0x0000000086500000, 0x0000000086500000| Untracked 
|  36|0x0000000086600000, 0x0000000086600000, 0x0000000086700000|  0%| F|  |TAMS 0x0000000086600000, 0x0000000086600000| Untracked 
|  37|0x0000000086700000, 0x0000000086700000, 0x0000000086800000|  0%| F|  |TAMS 0x0000000086700000, 0x0000000086700000| Untracked 
|  38|0x0000000086800000, 0x0000000086800000, 0x0000000086900000|  0%| F|  |TAMS 0x0000000086800000, 0x0000000086800000| Untracked 
|  39|0x0000000086900000, 0x0000000086900000, 0x0000000086a00000|  0%| F|  |TAMS 0x0000000086900000, 0x0000000086900000| Untracked 
|  40|0x0000000086a00000, 0x0000000086a00000, 0x0000000086b00000|  0%| F|  |TAMS 0x0000000086a00000, 0x0000000086a00000| Untracked 
|  41|0x0000000086b00000, 0x0000000086b00000, 0x0000000086c00000|  0%| F|  |TAMS 0x0000000086b00000, 0x0000000086b00000| Untracked 
|  42|0x0000000086c00000, 0x0000000086c00000, 0x0000000086d00000|  0%| F|  |TAMS 0x0000000086c00000, 0x0000000086c00000| Untracked 
|  43|0x0000000086d00000, 0x0000000086d00000, 0x0000000086e00000|  0%| F|  |TAMS 0x0000000086d00000, 0x0000000086d00000| Untracked 
|  44|0x0000000086e00000, 0x0000000086e00000, 0x0000000086f00000|  0%| F|  |TAMS 0x0000000086e00000, 0x0000000086e00000| Untracked 
|  45|0x0000000086f00000, 0x0000000086f00000, 0x0000000087000000|  0%| F|  |TAMS 0x0000000086f00000, 0x0000000086f00000| Untracked 
|  46|0x0000000087000000, 0x0000000087000000, 0x0000000087100000|  0%| F|  |TAMS 0x0000000087000000, 0x0000000087000000| Untracked 
|  47|0x0000000087100000, 0x0000000087100000, 0x0000000087200000|  0%| F|  |TAMS 0x0000000087100000, 0x0000000087100000| Untracked 
|  48|0x0000000087200000, 0x0000000087200000, 0x0000000087300000|  0%| F|  |TAMS 0x0000000087200000, 0x0000000087200000| Untracked 
|  49|0x0000000087300000, 0x0000000087300000, 0x0000000087400000|  0%| F|  |TAMS 0x0000000087300000, 0x0000000087300000| Untracked 
|  50|0x0000000087400000, 0x0000000087400000, 0x0000000087500000|  0%| F|  |TAMS 0x0000000087400000, 0x0000000087400000| Untracked 
|  51|0x0000000087500000, 0x0000000087500000, 0x0000000087600000|  0%| F|  |TAMS 0x0000000087500000, 0x0000000087500000| Untracked 
|  52|0x0000000087600000, 0x0000000087600000, 0x0000000087700000|  0%| F|  |TAMS 0x0000000087600000, 0x0000000087600000| Untracked 
|  53|0x0000000087700000, 0x0000000087700000, 0x0000000087800000|  0%| F|  |TAMS 0x0000000087700000, 0x0000000087700000| Untracked 
|  54|0x0000000087800000, 0x0000000087800000, 0x0000000087900000|  0%| F|  |TAMS 0x0000000087800000, 0x0000000087800000| Untracked 
|  55|0x0000000087900000, 0x0000000087900000, 0x0000000087a00000|  0%| F|  |TAMS 0x0000000087900000, 0x0000000087900000| Untracked 
|  56|0x0000000087a00000, 0x0000000087a00000, 0x0000000087b00000|  0%| F|  |TAMS 0x0000000087a00000, 0x0000000087a00000| Untracked 
|  57|0x0000000087b00000, 0x0000000087b00000, 0x0000000087c00000|  0%| F|  |TAMS 0x0000000087b00000, 0x0000000087b00000| Untracked 
|  58|0x0000000087c00000, 0x0000000087c00000, 0x0000000087d00000|  0%| F|  |TAMS 0x0000000087c00000, 0x0000000087c00000| Untracked 
|  59|0x0000000087d00000, 0x0000000087d00000, 0x0000000087e00000|  0%| F|  |TAMS 0x0000000087d00000, 0x0000000087d00000| Untracked 
|  60|0x0000000087e00000, 0x0000000087e00000, 0x0000000087f00000|  0%| F|  |TAMS 0x0000000087e00000, 0x0000000087e00000| Untracked 
|  61|0x0000000087f00000, 0x0000000087f00000, 0x0000000088000000|  0%| F|  |TAMS 0x0000000087f00000, 0x0000000087f00000| Untracked 
|  62|0x0000000088000000, 0x0000000088000000, 0x0000000088100000|  0%| F|  |TAMS 0x0000000088000000, 0x0000000088000000| Untracked 
|  63|0x0000000088100000, 0x0000000088100000, 0x0000000088200000|  0%| F|  |TAMS 0x0000000088100000, 0x0000000088100000| Untracked 
|  64|0x0000000088200000, 0x0000000088200000, 0x0000000088300000|  0%| F|  |TAMS 0x0000000088200000, 0x0000000088200000| Untracked 
|  65|0x0000000088300000, 0x0000000088300000, 0x0000000088400000|  0%| F|  |TAMS 0x0000000088300000, 0x0000000088300000| Untracked 
|  66|0x0000000088400000, 0x0000000088400000, 0x0000000088500000|  0%| F|  |TAMS 0x0000000088400000, 0x0000000088400000| Untracked 
|  67|0x0000000088500000, 0x0000000088500000, 0x0000000088600000|  0%| F|  |TAMS 0x0000000088500000, 0x0000000088500000| Untracked 
|  68|0x0000000088600000, 0x0000000088600000, 0x0000000088700000|  0%| F|  |TAMS 0x0000000088600000, 0x0000000088600000| Untracked 
|  69|0x0000000088700000, 0x0000000088700000, 0x0000000088800000|  0%| F|  |TAMS 0x0000000088700000, 0x0000000088700000| Untracked 
|  70|0x0000000088800000, 0x0000000088800000, 0x0000000088900000|  0%| F|  |TAMS 0x0000000088800000, 0x0000000088800000| Untracked 
|  71|0x0000000088900000, 0x0000000088900000, 0x0000000088a00000|  0%| F|  |TAMS 0x0000000088900000, 0x0000000088900000| Untracked 
|  72|0x0000000088a00000, 0x0000000088a00000, 0x0000000088b00000|  0%| F|  |TAMS 0x0000000088a00000, 0x0000000088a00000| Untracked 
|  73|0x0000000088b00000, 0x0000000088b00000, 0x0000000088c00000|  0%| F|  |TAMS 0x0000000088b00000, 0x0000000088b00000| Untracked 
|  74|0x0000000088c00000, 0x0000000088c00000, 0x0000000088d00000|  0%| F|  |TAMS 0x0000000088c00000, 0x0000000088c00000| Untracked 
|  75|0x0000000088d00000, 0x0000000088d00000, 0x0000000088e00000|  0%| F|  |TAMS 0x0000000088d00000, 0x0000000088d00000| Untracked 
|  76|0x0000000088e00000, 0x0000000088e00000, 0x0000000088f00000|  0%| F|  |TAMS 0x0000000088e00000, 0x0000000088e00000| Untracked 
|  77|0x0000000088f00000, 0x0000000088f00000, 0x0000000089000000|  0%| F|  |TAMS 0x0000000088f00000, 0x0000000088f00000| Untracked 
|  78|0x0000000089000000, 0x0000000089000000, 0x0000000089100000|  0%| F|  |TAMS 0x0000000089000000, 0x0000000089000000| Untracked 
|  79|0x0000000089100000, 0x0000000089100000, 0x0000000089200000|  0%| F|  |TAMS 0x0000000089100000, 0x0000000089100000| Untracked 
|  80|0x0000000089200000, 0x0000000089200000, 0x0000000089300000|  0%| F|  |TAMS 0x0000000089200000, 0x0000000089200000| Untracked 
|  81|0x0000000089300000, 0x0000000089300000, 0x0000000089400000|  0%| F|  |TAMS 0x0000000089300000, 0x0000000089300000| Untracked 
|  82|0x0000000089400000, 0x0000000089400000, 0x0000000089500000|  0%| F|  |TAMS 0x0000000089400000, 0x0000000089400000| Untracked 
|  83|0x0000000089500000, 0x0000000089500000, 0x0000000089600000|  0%| F|  |TAMS 0x0000000089500000, 0x0000000089500000| Untracked 
|  84|0x0000000089600000, 0x0000000089600000, 0x0000000089700000|  0%| F|  |TAMS 0x0000000089600000, 0x0000000089600000| Untracked 
|  85|0x0000000089700000, 0x0000000089700000, 0x0000000089800000|  0%| F|  |TAMS 0x0000000089700000, 0x0000000089700000| Untracked 
|  86|0x0000000089800000, 0x0000000089800000, 0x0000000089900000|  0%| F|  |TAMS 0x0000000089800000, 0x0000000089800000| Untracked 
|  87|0x0000000089900000, 0x0000000089900000, 0x0000000089a00000|  0%| F|  |TAMS 0x0000000089900000, 0x0000000089900000| Untracked 
|  88|0x0000000089a00000, 0x0000000089a00000, 0x0000000089b00000|  0%| F|  |TAMS 0x0000000089a00000, 0x0000000089a00000| Untracked 
|  89|0x0000000089b00000, 0x0000000089b00000, 0x0000000089c00000|  0%| F|  |TAMS 0x0000000089b00000, 0x0000000089b00000| Untracked 
|  90|0x0000000089c00000, 0x0000000089c00000, 0x0000000089d00000|  0%| F|  |TAMS 0x0000000089c00000, 0x0000000089c00000| Untracked 
|  91|0x0000000089d00000, 0x0000000089d00000, 0x0000000089e00000|  0%| F|  |TAMS 0x0000000089d00000, 0x0000000089d00000| Untracked 
|  92|0x0000000089e00000, 0x0000000089e00000, 0x0000000089f00000|  0%| F|  |TAMS 0x0000000089e00000, 0x0000000089e00000| Untracked 
|  93|0x0000000089f00000, 0x0000000089f00000, 0x000000008a000000|  0%| F|  |TAMS 0x0000000089f00000, 0x0000000089f00000| Untracked 
|  94|0x000000008a000000, 0x000000008a000000, 0x000000008a100000|  0%| F|  |TAMS 0x000000008a000000, 0x000000008a000000| Untracked 
|  95|0x000000008a100000, 0x000000008a100000, 0x000000008a200000|  0%| F|  |TAMS 0x000000008a100000, 0x000000008a100000| Untracked 
|  96|0x000000008a200000, 0x000000008a200000, 0x000000008a300000|  0%| F|  |TAMS 0x000000008a200000, 0x000000008a200000| Untracked 
|  97|0x000000008a300000, 0x000000008a300000, 0x000000008a400000|  0%| F|  |TAMS 0x000000008a300000, 0x000000008a300000| Untracked 
|  98|0x000000008a400000, 0x000000008a400000, 0x000000008a500000|  0%| F|  |TAMS 0x000000008a400000, 0x000000008a400000| Untracked 
|  99|0x000000008a500000, 0x000000008a500000, 0x000000008a600000|  0%| F|  |TAMS 0x000000008a500000, 0x000000008a500000| Untracked 
| 100|0x000000008a600000, 0x000000008a600000, 0x000000008a700000|  0%| F|  |TAMS 0x000000008a600000, 0x000000008a600000| Untracked 
| 101|0x000000008a700000, 0x000000008a700000, 0x000000008a800000|  0%| F|  |TAMS 0x000000008a700000, 0x000000008a700000| Untracked 
| 102|0x000000008a800000, 0x000000008a800000, 0x000000008a900000|  0%| F|  |TAMS 0x000000008a800000, 0x000000008a800000| Untracked 
| 103|0x000000008a900000, 0x000000008a900000, 0x000000008aa00000|  0%| F|  |TAMS 0x000000008a900000, 0x000000008a900000| Untracked 
| 104|0x000000008aa00000, 0x000000008aa00000, 0x000000008ab00000|  0%| F|  |TAMS 0x000000008aa00000, 0x000000008aa00000| Untracked 
| 105|0x000000008ab00000, 0x000000008ab00000, 0x000000008ac00000|  0%| F|  |TAMS 0x000000008ab00000, 0x000000008ab00000| Untracked 
| 106|0x000000008ac00000, 0x000000008ac00000, 0x000000008ad00000|  0%| F|  |TAMS 0x000000008ac00000, 0x000000008ac00000| Untracked 
| 107|0x000000008ad00000, 0x000000008ad00000, 0x000000008ae00000|  0%| F|  |TAMS 0x000000008ad00000, 0x000000008ad00000| Untracked 
| 108|0x000000008ae00000, 0x000000008ae00000, 0x000000008af00000|  0%| F|  |TAMS 0x000000008ae00000, 0x000000008ae00000| Untracked 
| 109|0x000000008af00000, 0x000000008af00000, 0x000000008b000000|  0%| F|  |TAMS 0x000000008af00000, 0x000000008af00000| Untracked 
| 110|0x000000008b000000, 0x000000008b000000, 0x000000008b100000|  0%| F|  |TAMS 0x000000008b000000, 0x000000008b000000| Untracked 
| 111|0x000000008b100000, 0x000000008b100000, 0x000000008b200000|  0%| F|  |TAMS 0x000000008b100000, 0x000000008b100000| Untracked 
| 112|0x000000008b200000, 0x000000008b200000, 0x000000008b300000|  0%| F|  |TAMS 0x000000008b200000, 0x000000008b200000| Untracked 
| 113|0x000000008b300000, 0x000000008b300000, 0x000000008b400000|  0%| F|  |TAMS 0x000000008b300000, 0x000000008b300000| Untracked 
| 114|0x000000008b400000, 0x000000008b400000, 0x000000008b500000|  0%| F|  |TAMS 0x000000008b400000, 0x000000008b400000| Untracked 
| 115|0x000000008b500000, 0x000000008b500000, 0x000000008b600000|  0%| F|  |TAMS 0x000000008b500000, 0x000000008b500000| Untracked 
| 116|0x000000008b600000, 0x000000008b600000, 0x000000008b700000|  0%| F|  |TAMS 0x000000008b600000, 0x000000008b600000| Untracked 
| 117|0x000000008b700000, 0x000000008b700000, 0x000000008b800000|  0%| F|  |TAMS 0x000000008b700000, 0x000000008b700000| Untracked 
| 118|0x000000008b800000, 0x000000008b800000, 0x000000008b900000|  0%| F|  |TAMS 0x000000008b800000, 0x000000008b800000| Untracked 
| 119|0x000000008b900000, 0x000000008b900000, 0x000000008ba00000|  0%| F|  |TAMS 0x000000008b900000, 0x000000008b900000| Untracked 
| 120|0x000000008ba00000, 0x000000008ba00000, 0x000000008bb00000|  0%| F|  |TAMS 0x000000008ba00000, 0x000000008ba00000| Untracked 
| 121|0x000000008bb00000, 0x000000008bb00000, 0x000000008bc00000|  0%| F|  |TAMS 0x000000008bb00000, 0x000000008bb00000| Untracked 
| 122|0x000000008bc00000, 0x000000008bcd7948, 0x000000008bd00000| 84%| E|  |TAMS 0x000000008bc00000, 0x000000008bc00000| Complete 
| 123|0x000000008bd00000, 0x000000008be00000, 0x000000008be00000|100%| E|CS|TAMS 0x000000008bd00000, 0x000000008bd00000| Complete 

Card table byte_map: [0x000002b0fa240000,0x000002b0fa620000] _byte_map_base: 0x000002b0f9e1f000

Marking Bits (Prev, Next): (CMBitMap*) 0x000002b0e27200e8, (CMBitMap*) 0x000002b0e2720120
 Prev Bits: [0x000002b0faa00000, 0x000002b0fc8f8000)
 Next Bits: [0x000002b0fc900000, 0x000002b0fe7f8000)

Polling page: 0x000002b0e0450000

Metaspace:

Usage:
  Non-class:      4.29 MB capacity,     4.23 MB ( 99%) used,    59.26 KB (  1%) free+waste,     1.88 KB ( <1%) overhead. 
      Class:    398.00 KB capacity,   391.45 KB ( 98%) used,     5.62 KB (  1%) free+waste,   960 bytes ( <1%) overhead. 
       Both:      4.67 MB capacity,     4.61 MB ( 99%) used,    64.88 KB (  1%) free+waste,     2.81 KB ( <1%) overhead. 

Virtual space:
  Non-class space:        8.00 MB reserved,       4.50 MB ( 56%) committed 
      Class space:        1.00 GB reserved,     512.00 KB ( <1%) committed 
             Both:        1.01 GB reserved,       5.00 MB ( <1%) committed 

Chunk freelists:
   Non-Class:  27.00 KB
       Class:  0 bytes
        Both:  27.00 KB

MaxMetaspaceSize: 17179869184.00 GB
CompressedClassSpaceSize: 1.00 GB
Initial GC threshold: 20.80 MB
Current GC threshold: 20.80 MB
CDS: off

CodeHeap 'non-profiled nmethods': size=120064Kb used=49Kb max_used=49Kb free=120015Kb
 bounds [0x000002b0f2920000, 0x000002b0f2b90000, 0x000002b0f9e60000]
CodeHeap 'profiled nmethods': size=120000Kb used=190Kb max_used=190Kb free=119809Kb
 bounds [0x000002b0eb3f0000, 0x000002b0eb660000, 0x000002b0f2920000]
CodeHeap 'non-nmethods': size=5696Kb used=1066Kb max_used=1078Kb free=4629Kb
 bounds [0x000002b0eae60000, 0x000002b0eb0d0000, 0x000002b0eb3f0000]
 total_blobs=453 nmethods=166 adapters=200
 compilation: enabled
              stopped_count=0, restarted_count=0
 full_count=0

Compilation events (20 events):
Event: 0.107 Thread 0x000002b0fed17000  154       3       java.lang.AbstractStringBuilder::putStringAt (29 bytes)
Event: 0.107 Thread 0x000002b0fed17000 nmethod 154 0x000002b0eb41cd90 code [0x000002b0eb41cf80, 0x000002b0eb41d278]
Event: 0.107 Thread 0x000002b0fed17000  155       3       java.lang.StringBuilder::append (8 bytes)
Event: 0.107 Thread 0x000002b0fed17000 nmethod 155 0x000002b0eb41d390 code [0x000002b0eb41d540, 0x000002b0eb41d688]
Event: 0.107 Thread 0x000002b0fed17000  157       3       java.lang.module.ResolvedModule::name (11 bytes)
Event: 0.107 Thread 0x000002b0fed17000 nmethod 157 0x000002b0eb41d710 code [0x000002b0eb41d8c0, 0x000002b0eb41da38]
Event: 0.107 Thread 0x000002b0fed17000  158       3       java.util.AbstractMap::<init> (5 bytes)
Event: 0.107 Thread 0x000002b0fed17000 nmethod 158 0x000002b0eb41db10 code [0x000002b0eb41dcc0, 0x000002b0eb41de18]
Event: 0.107 Thread 0x000002b0fed17000  159       3       java.util.ImmutableCollections$Set12::iterator (9 bytes)
Event: 0.108 Thread 0x000002b0fed17000 nmethod 159 0x000002b0eb41df10 code [0x000002b0eb41e0e0, 0x000002b0eb41e418]
Event: 0.108 Thread 0x000002b0fed17000  160       3       java.util.ImmutableCollections$Set12$1::<init> (21 bytes)
Event: 0.108 Thread 0x000002b0fed17000 nmethod 160 0x000002b0eb41e510 code [0x000002b0eb41e6e0, 0x000002b0eb41e958]
Event: 0.108 Thread 0x000002b0fed17000  161       3       java.util.HashMap::<init> (11 bytes)
Event: 0.108 Thread 0x000002b0ff7e5000  162       4       java.util.HashMap::putVal (300 bytes)
Event: 0.108 Thread 0x000002b0fed17000 nmethod 161 0x000002b0eb41ea90 code [0x000002b0eb41ec40, 0x000002b0eb41edf8]
Event: 0.108 Thread 0x000002b0fed17000  156       1       java.lang.module.ModuleDescriptor$Version::toString (5 bytes)
Event: 0.108 Thread 0x000002b0fed17000 nmethod 156 0x000002b0f292b590 code [0x000002b0f292b740, 0x000002b0f292b7f8]
Event: 0.108 Thread 0x000002b0fed0a000  163       4       java.util.HashMap::newNode (13 bytes)
Event: 0.108 Thread 0x000002b0fed17000  164       3       java.util.HashSet::<init> (16 bytes)
Event: 0.108 Thread 0x000002b0fed17000 nmethod 164 0x000002b0eb41ef10 code [0x000002b0eb41f100, 0x000002b0eb41f4f8]

GC Heap History (0 events):
No events

Deoptimization events (0 events):
No events

Classes redefined (0 events):
No events

Internal exceptions (0 events):
No events

Events (20 events):
Event: 0.098 loading class java/lang/module/ModuleFinder$1 done
Event: 0.099 loading class java/lang/ModuleLayer
Event: 0.099 loading class java/lang/ModuleLayer done
Event: 0.099 loading class java/util/HashMap$Values
Event: 0.099 loading class java/util/HashMap$Values done
Event: 0.099 loading class java/util/HashMap$ValueIterator
Event: 0.099 loading class java/util/HashMap$ValueIterator done
Event: 0.099 loading class java/util/LinkedHashSet
Event: 0.099 loading class java/util/LinkedHashSet done
Event: 0.100 loading class java/util/Collections$UnmodifiableCollection$1
Event: 0.100 loading class java/util/Collections$UnmodifiableCollection$1 done
Event: 0.100 loading class java/lang/module/ResolvedModule
Event: 0.100 loading class java/lang/module/ResolvedModule done
Event: 0.104 Thread 0x000002b0ff7e5000 Thread added: 0x000002b0ff7e5000
Event: 0.104 loading class jdk/internal/module/ModuleLoaderMap
Event: 0.104 loading class jdk/internal/module/ModuleLoaderMap done
Event: 0.105 loading class jdk/internal/module/ModuleLoaderMap$Mapper
Event: 0.105 loading class jdk/internal/module/ModuleLoaderMap$Mapper done
Event: 0.106 loading class java/util/concurrent/ConcurrentHashMap$ForwardingNode
Event: 0.106 loading class java/util/concurrent/ConcurrentHashMap$ForwardingNode done


Dynamic libraries:
0x00007ff6b0f60000 - 0x00007ff6b0f6d000 	C:\Users\Admin\.jdks\corretto-11.0.18\bin\java.exe
0x00007fff0a030000 - 0x00007fff0a227000 	C:\Windows\SYSTEM32\ntdll.dll
0x00007fff085d0000 - 0x00007fff0868d000 	C:\Windows\System32\KERNEL32.DLL
0x00007fff07910000 - 0x00007fff07c06000 	C:\Windows\System32\KERNELBASE.dll
0x00007fff07cc0000 - 0x00007fff07dc0000 	C:\Windows\System32\ucrtbase.dll
0x00007ffefcfe0000 - 0x00007ffefcff9000 	C:\Users\Admin\.jdks\corretto-11.0.18\bin\VCRUNTIME140.dll
0x00007ffefd100000 - 0x00007ffefd117000 	C:\Users\Admin\.jdks\corretto-11.0.18\bin\jli.dll
0x00007fff08090000 - 0x00007fff0822e000 	C:\Windows\System32\USER32.dll
0x00007fff08060000 - 0x00007fff08082000 	C:\Windows\System32\win32u.dll
0x00007ffeefa90000 - 0x00007ffeefd2a000 	C:\Windows\WinSxS\amd64_microsoft.windows.common-controls_6595b64144ccf1df_6.0.19041.3570_none_60bb2a3971f3e41a\COMCTL32.dll
0x00007fff08f50000 - 0x00007fff08f7c000 	C:\Windows\System32\GDI32.dll
0x00007fff07eb0000 - 0x00007fff07fca000 	C:\Windows\System32\gdi32full.dll
0x00007fff07710000 - 0x00007fff077ad000 	C:\Windows\System32\msvcp_win.dll
0x00007fff09c40000 - 0x00007fff09cde000 	C:\Windows\System32\msvcrt.dll
0x00007fff08290000 - 0x00007fff082c0000 	C:\Windows\System32\IMM32.DLL
0x00007ffedaec0000 - 0x00007ffedaf5b000 	C:\Users\Admin\.jdks\corretto-11.0.18\bin\msvcp140.dll
0x00007ffec1940000 - 0x00007ffec24ca000 	C:\Users\Admin\.jdks\corretto-11.0.18\bin\server\jvm.dll
0x00007fff09f40000 - 0x00007fff09fee000 	C:\Windows\System32\ADVAPI32.dll
0x00007fff082c0000 - 0x00007fff0835c000 	C:\Windows\System32\sechost.dll
0x00007fff08360000 - 0x00007fff08486000 	C:\Windows\System32\RPCRT4.dll
0x00007fff099f0000 - 0x00007fff099f8000 	C:\Windows\System32\PSAPI.DLL
0x00007fff004f0000 - 0x00007fff004f9000 	C:\Windows\SYSTEM32\WSOCK32.dll
0x00007ffeff130000 - 0x00007ffeff157000 	C:\Windows\SYSTEM32\WINMM.dll
0x00007ffefe1c0000 - 0x00007ffefe1ca000 	C:\Windows\SYSTEM32\VERSION.dll
0x00007fff09780000 - 0x00007fff097eb000 	C:\Windows\System32\WS2_32.dll
0x00007fff05f30000 - 0x00007fff05f42000 	C:\Windows\SYSTEM32\kernel.appcore.dll
0x00007ffefd070000 - 0x00007ffefd080000 	C:\Users\Admin\.jdks\corretto-11.0.18\bin\verify.dll
0x00007fff05c30000 - 0x00007fff05e14000 	C:\Windows\SYSTEM32\DBGHELP.DLL
0x00007ffeee6c0000 - 0x00007ffeee6f4000 	C:\Windows\SYSTEM32\dbgcore.DLL
0x00007fff07fd0000 - 0x00007fff08052000 	C:\Windows\System32\bcryptPrimitives.dll
0x00007ffeec290000 - 0x00007ffeec2b8000 	C:\Users\Admin\.jdks\corretto-11.0.18\bin\java.dll
0x00007ffefcf60000 - 0x00007ffefcf6a000 	C:\Users\Admin\.jdks\corretto-11.0.18\bin\jimage.dll
0x00007ffeff450000 - 0x00007ffeff45e000 	C:\Users\Admin\.jdks\corretto-11.0.18\bin\instrument.dll
0x00007ffefce90000 - 0x00007ffefcea8000 	C:\Users\Admin\.jdks\corretto-11.0.18\bin\zip.dll
0x00007fff09030000 - 0x00007fff09774000 	C:\Windows\System32\SHELL32.dll
0x00007fff053c0000 - 0x00007fff05b5b000 	C:\Windows\SYSTEM32\windows.storage.dll
0x00007fff08690000 - 0x00007fff089e4000 	C:\Windows\System32\combase.dll
0x00007fff07070000 - 0x00007fff0709d000 	C:\Windows\SYSTEM32\Wldp.dll
0x00007fff09ce0000 - 0x00007fff09d8d000 	C:\Windows\System32\SHCORE.dll
0x00007fff089f0000 - 0x00007fff08a45000 	C:\Windows\System32\shlwapi.dll
0x00007fff07640000 - 0x00007fff07665000 	C:\Windows\SYSTEM32\profapi.dll

dbghelp: loaded successfully - version: 4.0.5 - missing functions: none
symbol engine: initialized successfully - sym options: 0x614 - pdb path: .;C:\Users\Admin\.jdks\corretto-11.0.18\bin;C:\Windows\SYSTEM32;C:\Windows\WinSxS\amd64_microsoft.windows.common-controls_6595b64144ccf1df_6.0.19041.3570_none_60bb2a3971f3e41a;C:\Users\Admin\.jdks\corretto-11.0.18\bin\server

VM Arguments:
jvm_args: -ea -Didea.test.cyclic.buffer.size=1048576 -javaagent:C:\Program Files\JetBrains\IntelliJ IDEA Community Edition 2022.3.2\lib\idea_rt.jar=56804:C:\Program Files\JetBrains\IntelliJ IDEA Community Edition 2022.3.2\bin -Dfile.encoding=UTF-8 
java_command: com.intellij.rt.junit.JUnitStarter -ideVersion5 -junit5 MovieManagerTest,testFindLastWithLimitExceeded
java_class_path (initial): C:\Users\Admin\.m2\repository\org\junit\platform\junit-platform-launcher\1.7.0\junit-platform-launcher-1.7.0.jar;C:\Program Files\JetBrains\IntelliJ IDEA Community Edition 2022.3.2\lib\idea_rt.jar;C:\Program Files\JetBrains\IntelliJ IDEA Community Edition 2022.3.2\plugins\junit\lib\junit5-rt.jar;C:\Program Files\JetBrains\IntelliJ IDEA Community Edition 2022.3.2\plugins\junit\lib\junit-rt.jar;C:\Users\Admin\javaqa\HW_MOCKITO\target\test-classes;C:\Users\Admin\javaqa\HW_MOCKITO\target\classes;C:\Users\Admin\.m2\repository\org\junit\jupiter\junit-jupiter\5.7.0\junit-jupiter-5.7.0.jar;C:\Users\Admin\.m2\repository\org\junit\jupiter\junit-jupiter-api\5.7.0\junit-jupiter-api-5.7.0.jar;C:\Users\Admin\.m2\repository\org\apiguardian\apiguardian-api\1.1.0\apiguardian-api-1.1.0.jar;C:\Users\Admin\.m2\repository\org\opentest4j\opentest4j\1.2.0\opentest4j-1.2.0.jar;C:\Users\Admin\.m2\repository\org\junit\platform\junit-platform-commons\1.7.0\junit-platform-commons-1.7.0.jar;C:\Users\Admin\.m2\repository\org\junit\jupiter\junit-jupiter-params\5.7.0\junit-jupiter-params-5.7.0.jar;C:\Users\Admin\.m2\repository\org\junit\jupiter\junit-jupiter-engine\5.7.0\junit-jupiter-engine-5.7.0.jar;C:\Users\Admin\.m2\repository\org\junit\platform\junit-platform-engine\1.7.0\junit-platform-engine-1.7.0.jar;C:\Users\Admin\.m2\repository\org\mockito\mockito-junit-jupiter\3.6.28\mockito-junit-jupiter-3.6.28.jar;C:\Users\Admin\.m2\repository\org\mockito\mockito-core\3.6.28\mockito-core-3.6.28.jar;C:\Users\Admin\.m2\repository\net\bytebuddy\byte-buddy\1.10.18\byte-buddy-1.10.18.jar;C:\Users\Admin\.m2\repository\net\bytebuddy\byte-buddy-agent\1.10.18\byte-buddy-agent-1.10.18.jar;C:\Users\Admin\.m2\repository\org\objenesis\objenesis\3.1\objenesis-3.1.jar
Launcher Type: SUN_STANDARD

[Global flags]
     intx CICompilerCount                          = 3                                         {product} {ergonomic}
     uint ConcGCThreads                            = 1                                         {product} {ergonomic}
     uint G1ConcRefinementThreads                  = 4                                         {product} {ergonomic}
   size_t G1HeapRegionSize                         = 1048576                                   {product} {ergonomic}
    uintx GCDrainStackTargetSize                   = 64                                        {product} {ergonomic}
   size_t InitialHeapSize                          = 130023424                                 {product} {ergonomic}
   size_t MarkStackSize                            = 4194304                                   {product} {ergonomic}
   size_t MaxHeapSize                              = 2078277632                                {product} {ergonomic}
   size_t MaxNewSize                               = 1246756864                                {product} {ergonomic}
   size_t MinHeapDeltaBytes                        = 1048576                                   {product} {ergonomic}
    uintx NonNMethodCodeHeapSize                   = 5830732                                {pd product} {ergonomic}
    uintx NonProfiledCodeHeapSize                  = 122913754                              {pd product} {ergonomic}
    uintx ProfiledCodeHeapSize                     = 122913754                              {pd product} {ergonomic}
    uintx ReservedCodeCacheSize                    = 251658240                              {pd product} {ergonomic}
     bool SegmentedCodeCache                       = true                                      {product} {ergonomic}
     bool UseCompressedClassPointers               = true                                 {lp64_product} {ergonomic}
     bool UseCompressedOops                        = true                                 {lp64_product} {ergonomic}
     bool UseG1GC                                  = true                                      {product} {ergonomic}
     bool UseLargePagesIndividualAllocation        = false                                  {pd product} {ergonomic}

Logging:
Log output configuration:
 #0: stdout all=warning uptime,level,tags
 #1: stderr all=off uptime,level,tags

Environment Variables:
PATH=C:\Program Files\Eclipse Adoptium\jdk-11.0.17.8-hotspot\bin;C:\Windows\system32;C:\Windows;C:\Windows\System32\Wbem;C:\Windows\System32\WindowsPowerShell\v1.0\;C:\Windows\System32\OpenSSH\;C:\Program Files\Git\cmd;C:\Program Files\Docker\Docker\resources\bin;C:\Windows\system32\config\systemprofile\AppData\Local\Microsoft\WindowsApps;;C:\Users\Admin\AppData\Local\Programs\Microsoft VS Code\bin;C:\Program Files\Lens\resources\cli\bin
USERNAME=Admin
OS=Windows_NT
PROCESSOR_IDENTIFIER=Intel64 Family 6 Model 140 Stepping 1, GenuineIntel
TMP=C:\Users\Admin\AppData\Local\Temp
TEMP=C:\Users\Admin\AppData\Local\Temp



---------------  S Y S T E M  ---------------

OS: Windows 10 , 64 bit Build 19041 (10.0.19041.3570)
OS uptime: 13 days 10:06 hours
Hyper-V role detected

CPU:total 4 (initial active 4) (4 cores per cpu, 2 threads per core) family 6 model 140 stepping 1 microcode 0x86, cmov, cx8, fxsr, mmx, sse, sse2, sse3, ssse3, sse4.1, sse4.2, popcnt, avx, avx2, clmul, erms, 3dnowpref, lzcnt, ht, tsc, tscinvbit, bmi1, bmi2, adx, evex, sha, fma

Memory: 4k page, system-wide physical 7926M (1050M free)
TotalPageFile size 11926M (AvailPageFile size 2M)
current process WorkingSet (physical memory assigned to process): 33M, peak: 33M
current process commit charge ("private bytes"): 191M, peak: 191M

vm_info: OpenJDK 64-Bit Server VM (11.0.18+10-LTS) for windows-amd64 JRE (11.0.18+10-LTS), built on Jan 10 2023 20:17:52 by "Administrator" with MS VC++ 15.9 (VS2017)

END.
